<?xml version="1.0" encoding="UTF-8"?>
<!-- Generated by org.testng.reporters.JUnitReportReporter -->
<testsuite hostname="Gibrans-MacBook-Air.local" failures="0" tests="7" name="com.ccc.routes.recursion.TrainsRoutesDirectedGraphTestNg" time="0.112" errors="0" timestamp="2021-07-29T07:30:32 EDT" skipped="0">
  <testcase classname="com.ccc.routes.recursion.TrainsRoutesDirectedGraphTestNg" name="testCreateTrainsRoutes" time="0.024"/>
  <system-out/>
  <testcase classname="com.ccc.routes.recursion.TrainsRoutesDirectedGraphTestNg" name="testGetRouteDistance" time="0.010"/>
  <system-out/>
  <testcase classname="com.ccc.routes.recursion.TrainsRoutesDirectedGraphTestNg" name="testGetNumberOfTripsWithMaxStops" time="0.012"/>
  <system-out/>
  <testcase classname="com.ccc.routes.recursion.TrainsRoutesDirectedGraphTestNg" name="testGetNumberOfTripsWithExactStops" time="0.004"/>
  <system-out/>
  <testcase classname="com.ccc.routes.recursion.TrainsRoutesDirectedGraphTestNg" name="testGetNumberOfTripsWithNumberOfStops" time="0.004"/>
  <system-out/>
  <testcase classname="com.ccc.routes.recursion.TrainsRoutesDirectedGraphTestNg" name="testGetShortestRouteDistance" time="0.037"/>
  <system-out/>
  <testcase classname="com.ccc.routes.recursion.TrainsRoutesDirectedGraphTestNg" name="testGetNumberOfDifferentRoutesWithMaxDistance" time="0.021"/>
  <system-out/>
</testsuite> <!-- com.ccc.routes.recursion.TrainsRoutesDirectedGraphTestNg -->
